2021-10-03 15:36:09,309 - INFO - home - Rendering front UI
2021-10-03 15:36:27,746 - INFO - predict - feature values loading completed
2021-10-03 15:36:27,746 - INFO - predict - features converted into array
2021-10-03 15:36:29,320 - INFO - predict - Model is loaded
2021-10-03 15:36:29,909 - INFO - predict - Predictions are [3.98166667]
2021-10-03 15:41:01,418 - INFO - home - Rendering front UI
2021-10-03 15:41:13,458 - INFO - home - Rendering front UI
2021-10-03 15:50:45,423 - INFO - predict - feature values loading completed
2021-10-03 15:50:45,424 - INFO - predict - features converted into array
2021-10-03 15:50:46,857 - INFO - predict - Model is loaded
2021-10-03 15:50:47,876 - INFO - predict - Predictions are [3.98166667]
2021-10-03 15:51:38,151 - INFO - predict - feature values loading completed
2021-10-03 15:51:38,152 - INFO - predict - features converted into array
2021-10-03 15:51:39,771 - INFO - predict - Model is loaded
2021-10-03 15:51:39,927 - INFO - predict - Predictions are [3.98166667]
2021-10-03 15:52:07,443 - INFO - predict - feature values loading completed
2021-10-03 15:52:07,444 - INFO - predict - features converted into array
2021-10-03 15:52:07,976 - INFO - predict - Model is loaded
2021-10-03 15:52:08,309 - INFO - predict - Predictions are [3.8775]
2021-10-03 15:57:51,449 - INFO - predict - feature values loading completed
2021-10-03 15:57:51,451 - INFO - predict - features converted into array
2021-10-03 15:57:54,350 - INFO - predict - Model is loaded
2021-10-03 15:57:54,738 - INFO - predict - Predictions are [3.8775]
2021-10-03 15:58:55,018 - INFO - predict - feature values loading completed
2021-10-03 15:58:55,020 - INFO - predict - features converted into array
2021-10-03 15:58:56,612 - INFO - predict - Model is loaded
2021-10-03 15:58:56,697 - INFO - predict - Predictions are [3.96333333]
2021-10-03 16:07:51,436 - INFO - home - Rendering front UI
2021-10-03 16:08:41,476 - INFO - predict - feature values loading completed
2021-10-03 16:08:41,476 - INFO - predict - features converted into array
2021-10-03 16:08:44,472 - INFO - predict - feature values loading completed
2021-10-03 16:08:44,473 - INFO - predict - features converted into array
2021-10-03 16:08:47,217 - INFO - predict - Model is loaded
2021-10-03 16:08:48,214 - INFO - predict - Predictions are [3.95833333]
2021-10-03 16:08:52,433 - INFO - predict - Model is loaded
2021-10-03 16:08:52,525 - INFO - predict - Predictions are [3.95833333]
2021-10-03 16:10:21,991 - INFO - predict - feature values loading completed
2021-10-03 16:10:21,991 - INFO - predict - features converted into array
2021-10-03 16:10:24,011 - INFO - predict - Model is loaded
2021-10-03 16:10:24,862 - INFO - predict - Predictions are [3.95833333]
2021-10-03 16:10:50,061 - INFO - predict - feature values loading completed
2021-10-03 16:10:50,062 - INFO - predict - features converted into array
2021-10-03 16:10:52,095 - INFO - predict - Model is loaded
2021-10-03 16:10:52,242 - INFO - predict - Predictions are [3.95916667]
2021-10-03 16:12:13,387 - INFO - predict - feature values loading completed
2021-10-03 16:12:13,389 - INFO - predict - features converted into array
2021-10-03 16:12:14,519 - INFO - predict - Model is loaded
2021-10-03 16:12:14,642 - INFO - predict - Predictions are [3.95916667]
2021-10-03 16:12:30,010 - INFO - predict - feature values loading completed
2021-10-03 16:12:30,011 - INFO - predict - features converted into array
2021-10-03 16:12:30,579 - INFO - predict - Model is loaded
2021-10-03 16:12:30,634 - INFO - predict - Predictions are [3.95833333]
2021-10-03 16:14:20,116 - INFO - predict - feature values loading completed
2021-10-03 16:14:20,117 - INFO - predict - features converted into array
2021-10-03 16:14:21,041 - INFO - predict - Model is loaded
2021-10-03 16:14:21,096 - INFO - predict - Predictions are [3.95833333]
2021-10-03 16:14:39,589 - INFO - predict - feature values loading completed
2021-10-03 16:14:39,590 - INFO - predict - features converted into array
2021-10-03 16:14:40,692 - INFO - predict - Model is loaded
2021-10-03 16:14:40,873 - INFO - predict - Predictions are [3.9725]
2021-10-03 16:22:36,658 - INFO - home - Rendering front UI
2021-10-03 16:22:56,631 - INFO - home - Rendering front UI
2021-10-03 16:24:51,289 - INFO - predict - feature values loading completed
2021-10-03 16:24:51,422 - INFO - predict - features converted into array
2021-10-03 16:24:53,719 - INFO - predict - Model is loaded
2021-10-03 16:24:54,473 - INFO - predict - Predictions are [3.9675]
2021-10-03 16:28:08,885 - INFO - predict - feature values loading completed
2021-10-03 16:28:08,886 - INFO - predict - features converted into array
2021-10-03 16:28:10,908 - INFO - predict - Model is loaded
2021-10-03 16:28:10,991 - INFO - predict - Predictions are [3.9725]
2021-10-03 16:28:41,911 - INFO - predict - feature values loading completed
2021-10-03 16:28:41,912 - INFO - predict - features converted into array
2021-10-03 16:28:42,513 - INFO - predict - Model is loaded
2021-10-03 16:28:42,566 - INFO - predict - Predictions are [3.9725]
2021-10-03 16:28:49,768 - INFO - predict - feature values loading completed
2021-10-03 16:28:49,769 - INFO - predict - features converted into array
2021-10-03 16:28:50,655 - INFO - predict - Model is loaded
2021-10-03 16:28:50,692 - INFO - predict - Predictions are [3.9725]
2021-10-03 16:29:42,225 - INFO - predict - feature values loading completed
2021-10-03 16:29:42,226 - INFO - predict - features converted into array
2021-10-03 16:29:42,789 - INFO - predict - Model is loaded
2021-10-03 16:29:42,868 - INFO - predict - Predictions are [3.9725]
2021-10-03 16:30:13,302 - INFO - predict - feature values loading completed
2021-10-03 16:30:13,304 - INFO - predict - features converted into array
2021-10-03 16:30:14,481 - INFO - predict - Model is loaded
2021-10-03 16:30:14,598 - INFO - predict - Predictions are [3.9725]
2021-10-03 16:30:36,302 - INFO - predict - feature values loading completed
2021-10-03 16:30:36,303 - INFO - predict - features converted into array
2021-10-03 16:30:37,016 - INFO - predict - Model is loaded
2021-10-03 16:30:37,062 - INFO - predict - Predictions are [3.9725]
2021-10-03 16:31:04,816 - INFO - predict - feature values loading completed
2021-10-03 16:31:04,817 - INFO - predict - features converted into array
2021-10-03 16:31:05,895 - INFO - predict - Model is loaded
2021-10-03 16:31:05,942 - INFO - predict - Predictions are [3.9725]
2021-10-03 16:31:54,827 - INFO - predict - feature values loading completed
2021-10-03 16:31:54,828 - INFO - predict - features converted into array
2021-10-03 16:31:55,910 - INFO - predict - Model is loaded
2021-10-03 16:31:56,038 - INFO - predict - Predictions are [3.9725]
2021-10-03 16:32:09,278 - INFO - predict - feature values loading completed
2021-10-03 16:32:09,279 - INFO - predict - features converted into array
2021-10-03 16:32:10,484 - INFO - predict - Model is loaded
2021-10-03 16:32:10,600 - INFO - predict - Predictions are [3.9725]
2021-10-03 17:07:18,498 - INFO - predict - feature values loading completed
2021-10-03 17:07:18,503 - INFO - predict - features converted into array
2021-10-03 17:07:19,757 - INFO - predict - Model is loaded
2021-10-03 17:07:19,819 - INFO - predict - Predictions are [3.9725]
2021-10-03 17:07:37,081 - INFO - predict - feature values loading completed
2021-10-03 17:07:37,081 - INFO - predict - features converted into array
2021-10-03 17:07:37,385 - INFO - predict - Model is loaded
2021-10-03 17:07:37,414 - INFO - predict - Predictions are [3.9725]
2021-10-03 17:42:47,592 - INFO - predict - feature values loading completed
2021-10-03 17:42:47,592 - INFO - predict - features converted into array
2021-10-03 17:42:47,963 - INFO - predict - Model is loaded
2021-10-03 17:42:47,987 - INFO - predict - Predictions are [3.9725]
2021-10-03 17:42:51,707 - INFO - predict - feature values loading completed
2021-10-03 17:42:51,707 - INFO - predict - features converted into array
2021-10-03 17:42:51,956 - INFO - predict - Model is loaded
2021-10-03 17:42:51,983 - INFO - predict - Predictions are [3.9725]
2021-10-03 17:44:58,601 - INFO - predict - feature values loading completed
2021-10-03 17:44:58,602 - INFO - predict - features converted into array
2021-10-03 17:44:58,910 - INFO - predict - Model is loaded
2021-10-03 17:44:58,957 - INFO - predict - Predictions are [3.9725]
2021-10-03 17:45:32,991 - INFO - predict - feature values loading completed
2021-10-03 17:45:32,992 - INFO - predict - features converted into array
2021-10-03 17:45:33,289 - INFO - predict - Model is loaded
2021-10-03 17:45:33,334 - INFO - predict - Predictions are [3.9725]
2021-10-03 17:45:38,180 - INFO - predict - feature values loading completed
2021-10-03 17:45:38,181 - INFO - predict - features converted into array
2021-10-03 17:45:38,856 - INFO - predict - Model is loaded
2021-10-03 17:45:38,912 - INFO - predict - Predictions are [3.9725]
2021-10-03 17:45:52,513 - INFO - predict - feature values loading completed
2021-10-03 17:45:52,514 - INFO - predict - features converted into array
2021-10-03 17:45:52,829 - INFO - predict - Model is loaded
2021-10-03 17:45:52,874 - INFO - predict - Predictions are [3.9725]
2021-10-03 17:45:57,465 - INFO - predict - feature values loading completed
2021-10-03 17:45:57,465 - INFO - predict - features converted into array
2021-10-03 17:45:57,861 - INFO - predict - Model is loaded
2021-10-03 17:45:57,906 - INFO - predict - Predictions are [3.9725]
2021-10-03 17:49:19,907 - INFO - predict - feature values loading completed
2021-10-03 17:49:19,908 - INFO - predict - features converted into array
2021-10-03 17:49:20,336 - INFO - predict - Model is loaded
2021-10-03 17:49:20,413 - INFO - predict - Predictions are [3.9725]
2021-10-03 17:49:30,676 - INFO - predict - feature values loading completed
2021-10-03 17:49:30,676 - INFO - predict - features converted into array
2021-10-03 17:49:31,411 - INFO - predict - Model is loaded
2021-10-03 17:49:31,567 - INFO - predict - Predictions are [3.9725]
2021-10-03 17:51:53,819 - INFO - predict - feature values loading completed
2021-10-03 17:51:53,820 - INFO - predict - features converted into array
2021-10-03 17:51:54,632 - INFO - predict - Model is loaded
2021-10-03 17:51:54,755 - INFO - predict - Predictions are [3.9725]
2021-10-03 17:52:17,002 - INFO - predict - feature values loading completed
2021-10-03 17:52:17,003 - INFO - predict - features converted into array
2021-10-03 17:52:17,321 - INFO - predict - Model is loaded
2021-10-03 17:52:17,378 - INFO - predict - Predictions are [3.9725]
2021-10-03 17:52:28,043 - INFO - predict - feature values loading completed
2021-10-03 17:52:28,043 - INFO - predict - features converted into array
2021-10-03 17:52:28,575 - INFO - predict - Model is loaded
2021-10-03 17:52:28,617 - INFO - predict - Predictions are [3.96083333]
2021-10-03 18:31:30,281 - INFO - home - Rendering front UI
2021-10-03 18:42:21,037 - INFO - home - Rendering front UI
2021-10-03 18:46:51,208 - INFO - home - Rendering front UI
2021-10-03 18:47:21,212 - INFO - predict - feature values loading completed
2021-10-03 18:47:21,212 - INFO - predict - features converted into array
2021-10-03 18:47:22,745 - INFO - predict - Model is loaded
2021-10-03 18:47:22,905 - INFO - predict - Predictions are [3.81083333]
2021-10-03 18:52:17,822 - INFO - home - Rendering front UI
2021-10-03 18:52:42,569 - INFO - predict - feature values loading completed
2021-10-03 18:52:42,569 - INFO - predict - features converted into array
2021-10-03 18:52:42,900 - INFO - predict - Model is loaded
2021-10-03 18:52:42,924 - INFO - predict - Predictions are [4.2925]
2021-10-03 18:54:01,479 - INFO - predict - feature values loading completed
2021-10-03 18:54:01,480 - INFO - predict - features converted into array
2021-10-03 18:54:02,265 - INFO - predict - Model is loaded
2021-10-03 18:54:02,341 - INFO - predict - Predictions are [4.2925]
2021-10-03 18:54:41,787 - INFO - predict - feature values loading completed
2021-10-03 18:54:41,787 - INFO - predict - features converted into array
2021-10-03 18:54:42,021 - INFO - predict - Model is loaded
2021-10-03 18:54:42,043 - INFO - predict - Predictions are [4.2925]
2021-10-03 18:57:27,589 - INFO - predict - feature values loading completed
2021-10-03 18:57:27,589 - INFO - predict - features converted into array
2021-10-03 18:57:28,378 - INFO - predict - Model is loaded
2021-10-03 18:57:28,476 - INFO - predict - Predictions are [4.2925]
2021-10-03 18:57:53,603 - INFO - predict - feature values loading completed
2021-10-03 18:57:53,603 - INFO - predict - features converted into array
2021-10-03 18:57:53,909 - INFO - predict - Model is loaded
2021-10-03 18:57:53,934 - INFO - predict - Predictions are [4.20583333]
